Reading netlist file: "C:\Users\tosh\Desktop\fpga_odev\trafik_led\impl\gwsynthesis\berkayalikandemir.vg"
Parsing netlist file "C:\Users\tosh\Desktop\fpga_odev\trafik_led\impl\gwsynthesis\berkayalikandemir.vg" completed
Processing netlist completed
Reading constraint file: "C:\Users\tosh\Desktop\fpga_odev\trafik_led\src\berkayalikandemir.cst"
Physical Constraint parsed completed
Running placement......
[10%] Placement Phase 0 completed
[20%] Placement Phase 1 completed
[30%] Placement Phase 2 completed
[50%] Placement Phase 3 completed
Running routing......
[60%] Routing Phase 0 completed
[70%] Routing Phase 1 completed
[80%] Routing Phase 2 completed
[90%] Routing Phase 3 completed
Running timing analysis......
[95%] Timing analysis completed
Placement and routing completed
Bitstream generation in progress......
Bitstream generation completed
Running power analysis......
[100%] Power analysis completed
Generate file "C:\Users\tosh\Desktop\fpga_odev\trafik_led\impl\pnr\berkayalikandemir.power.html" completed
Generate file "C:\Users\tosh\Desktop\fpga_odev\trafik_led\impl\pnr\berkayalikandemir.pin.html" completed
Generate file "C:\Users\tosh\Desktop\fpga_odev\trafik_led\impl\pnr\berkayalikandemir.rpt.html" completed
Generate file "C:\Users\tosh\Desktop\fpga_odev\trafik_led\impl\pnr\berkayalikandemir.rpt.txt" completed
Generate file "C:\Users\tosh\Desktop\fpga_odev\trafik_led\impl\pnr\berkayalikandemir.tr.html" completed
Sat Apr 15 22:54:35 2023

